#-----------------------------------------------------------
# Vivado v2018.3 (64-bit)
# SW Build 2405991 on Thu Dec  6 23:38:27 MST 2018
# IP Build 2404404 on Fri Dec  7 01:43:56 MST 2018
# Start of session at: Sun Aug  2 13:09:41 2020
# Process ID: 6280
# Current directory: F:/QQ文件/Camera_Demo
# Command line: vivado.exe -gui_launcher_event rodinguilauncherevent8316 F:\QQ文件\Camera_Demo\Camera_Demo.xpr
# Log file: F:/QQ文件/Camera_Demo/vivado.log
# Journal file: F:/QQ文件/Camera_Demo\vivado.jou
#-----------------------------------------------------------
start_gui
open_project F:/QQ文件/Camera_Demo/Camera_Demo.xpr
INFO: [Project 1-313] Project file moved from 'K:/FPGA/camera/Camera_Demo' since last save.
CRITICAL WARNING: [Project 1-19] Could not find the file 'E:/FPGA-Demo-Project/Camera_Demo/tcl/Elimate_Constraints_Error.tcl'.
Scanning sources...
Finished scanning sources
WARNING: [filemgmt 56-2] IP Repository Path: Could not find the directory 'F:/LED-IP/Driver-SK6805-IP/Driver_SK6805', nor could it be found using path 'K:/FPGA/LED-IP/Driver-SK6805-IP/Driver_SK6805'.
WARNING: [filemgmt 56-2] IP Repository Path: Could not find the directory 'F:/LED-IP/Driver-SK6805-IP', nor could it be found using path 'K:/FPGA/LED-IP/Driver-SK6805-IP'.
INFO: [IP_Flow 19-234] Refreshing IP repositories
INFO: [IP_Flow 19-1700] Loaded user IP repository 'f:/QQ文件/Camera_Demo/IP_Core'.
WARNING: [IP_Flow 19-3685] Ignored loading user repository 'f:/LED-IP/Driver-SK6805-IP/Driver_SK6805'. The path is contained within another repository.
WARNING: [IP_Flow 19-2248] Failed to load user IP repository 'f:/LED-IP/Driver-SK6805-IP'; Can't find the specified path.
If this directory should no longer be in your list of user repositories, go to the IP Settings dialog and remove it.
INFO: [IP_Flow 19-2313] Loaded Vivado IP repository 'G:/vivado/Vivado/2018.3/data/ip'.
WARNING: [IP_Flow 19-2162] IP 'Driver_SK6805_0' is locked:
* IP definition 'Driver_SK6805 (1.0)' for IP 'Driver_SK6805_0' (customized with software release 2018.3) was not found in the IP Catalog.
Please select 'Report IP Status' from the 'Tools/Report' menu or run Tcl command 'report_ip_status' for more information.
open_project: Time (s): cpu = 00:00:53 ; elapsed = 00:00:46 . Memory (MB): peak = 864.402 ; gain = 253.508
update_compile_order -fileset sources_1
exit
INFO: [Common 17-206] Exiting Vivado at Sun Aug  2 14:17:06 2020...
